e:\metin2_server\solwaynesf v6\clientvs22\vs_files\etergrnlib\distribute\etergrnlib.pch
e:\metin2_server\solwaynesf v6\clientvs22\vs_files\etergrnlib\distribute\etergrnlib.pdb
e:\metin2_server\solwaynesf v6\clientvs22\vs_files\etergrnlib\distribute\stdafx.obj
e:\metin2_server\solwaynesf v6\clientvs22\vs_files\etergrnlib\distribute\util.obj
e:\metin2_server\solwaynesf v6\clientvs22\vs_files\etergrnlib\distribute\thinginstance.obj
e:\metin2_server\solwaynesf v6\clientvs22\vs_files\etergrnlib\distribute\thing.obj
e:\metin2_server\solwaynesf v6\clientvs22\vs_files\etergrnlib\distribute\motion.obj
e:\metin2_server\solwaynesf v6\clientvs22\vs_files\etergrnlib\distribute\modelinstanceupdate.obj
e:\metin2_server\solwaynesf v6\clientvs22\vs_files\etergrnlib\distribute\modelinstancerender.obj
e:\metin2_server\solwaynesf v6\clientvs22\vs_files\etergrnlib\distribute\modelinstancemotion.obj
e:\metin2_server\solwaynesf v6\clientvs22\vs_files\etergrnlib\distribute\modelinstancemodel.obj
e:\metin2_server\solwaynesf v6\clientvs22\vs_files\etergrnlib\distribute\modelinstancecollisiondetection.obj
e:\metin2_server\solwaynesf v6\clientvs22\vs_files\etergrnlib\distribute\modelinstance.obj
e:\metin2_server\solwaynesf v6\clientvs22\vs_files\etergrnlib\distribute\model.obj
e:\metin2_server\solwaynesf v6\clientvs22\vs_files\etergrnlib\distribute\mesh.obj
e:\metin2_server\solwaynesf v6\clientvs22\vs_files\etergrnlib\distribute\material.obj
e:\metin2_server\solwaynesf v6\clientvs22\vs_files\etergrnlib\distribute\lodcontroller.obj
e:\metin2_server\solwaynesf v6\clientvs22\vs_files\etergrnlib\distribute\etergrnlib.lib
e:\metin2_server\solwaynesf v6\clientvs22\vs_files\etergrnlib\distribute\etergrnlib.tlog\cl.command.1.tlog
e:\metin2_server\solwaynesf v6\clientvs22\vs_files\etergrnlib\distribute\etergrnlib.tlog\cl.read.1.tlog
e:\metin2_server\solwaynesf v6\clientvs22\vs_files\etergrnlib\distribute\etergrnlib.tlog\cl.write.1.tlog
e:\metin2_server\solwaynesf v6\clientvs22\vs_files\etergrnlib\distribute\etergrnlib.tlog\lib-link.read.1.tlog
e:\metin2_server\solwaynesf v6\clientvs22\vs_files\etergrnlib\distribute\etergrnlib.tlog\lib-link.write.1.tlog
e:\metin2_server\solwaynesf v6\clientvs22\vs_files\etergrnlib\distribute\etergrnlib.tlog\lib.command.1.tlog
