e:\metin2_server\solwaynesf v6\clientvs22\vs_files\eterpythonlib\distribute\eterpythonlib.pch
e:\metin2_server\solwaynesf v6\clientvs22\vs_files\eterpythonlib\distribute\eterpythonlib.pdb
e:\metin2_server\solwaynesf v6\clientvs22\vs_files\eterpythonlib\distribute\stdafx.obj
e:\metin2_server\solwaynesf v6\clientvs22\vs_files\eterpythonlib\distribute\pythonwindowmanagermodule.obj
e:\metin2_server\solwaynesf v6\clientvs22\vs_files\eterpythonlib\distribute\pythonwindowmanager.obj
e:\metin2_server\solwaynesf v6\clientvs22\vs_files\eterpythonlib\distribute\pythonwindow.obj
e:\metin2_server\solwaynesf v6\clientvs22\vs_files\eterpythonlib\distribute\pythonslotwindow.obj
e:\metin2_server\solwaynesf v6\clientvs22\vs_files\eterpythonlib\distribute\pythongridslotwindow.obj
e:\metin2_server\solwaynesf v6\clientvs22\vs_files\eterpythonlib\distribute\pythongraphicthingmodule.obj
e:\metin2_server\solwaynesf v6\clientvs22\vs_files\eterpythonlib\distribute\pythongraphictextmodule.obj
e:\metin2_server\solwaynesf v6\clientvs22\vs_files\eterpythonlib\distribute\pythongraphicmodule.obj
e:\metin2_server\solwaynesf v6\clientvs22\vs_files\eterpythonlib\distribute\pythongraphicimagemodule.obj
e:\metin2_server\solwaynesf v6\clientvs22\vs_files\eterpythonlib\distribute\pythongraphic.obj
e:\metin2_server\solwaynesf v6\clientvs22\vs_files\eterpythonlib\distribute\eterpythonlib.lib
e:\metin2_server\solwaynesf v6\clientvs22\vs_files\eterpythonlib\distribute\eterpythonlib.tlog\cl.command.1.tlog
e:\metin2_server\solwaynesf v6\clientvs22\vs_files\eterpythonlib\distribute\eterpythonlib.tlog\cl.read.1.tlog
e:\metin2_server\solwaynesf v6\clientvs22\vs_files\eterpythonlib\distribute\eterpythonlib.tlog\cl.write.1.tlog
e:\metin2_server\solwaynesf v6\clientvs22\vs_files\eterpythonlib\distribute\eterpythonlib.tlog\lib-link.read.1.tlog
e:\metin2_server\solwaynesf v6\clientvs22\vs_files\eterpythonlib\distribute\eterpythonlib.tlog\lib-link.write.1.tlog
e:\metin2_server\solwaynesf v6\clientvs22\vs_files\eterpythonlib\distribute\eterpythonlib.tlog\lib.command.1.tlog
