e:\metin2_server\solwaynesf v6\clientvs22\vs_files\gamelib\distribute\gamelib.pch
e:\metin2_server\solwaynesf v6\clientvs22\vs_files\gamelib\distribute\gamelib.pdb
e:\metin2_server\solwaynesf v6\clientvs22\vs_files\gamelib\distribute\stdafx.obj
e:\metin2_server\solwaynesf v6\clientvs22\vs_files\gamelib\distribute\flyingdata.obj
e:\metin2_server\solwaynesf v6\clientvs22\vs_files\gamelib\distribute\dungeonblock.obj
e:\metin2_server\solwaynesf v6\clientvs22\vs_files\gamelib\distribute\areaterrain.obj
e:\metin2_server\solwaynesf v6\clientvs22\vs_files\gamelib\distribute\arealoaderthread.obj
e:\metin2_server\solwaynesf v6\clientvs22\vs_files\gamelib\distribute\area.obj
e:\metin2_server\solwaynesf v6\clientvs22\vs_files\gamelib\distribute\actorinstanceweapontrace.obj
e:\metin2_server\solwaynesf v6\clientvs22\vs_files\gamelib\distribute\actorinstancesync.obj
e:\metin2_server\solwaynesf v6\clientvs22\vs_files\gamelib\distribute\actorinstancerotation.obj
e:\metin2_server\solwaynesf v6\clientvs22\vs_files\gamelib\distribute\actorinstancerender.obj
e:\metin2_server\solwaynesf v6\clientvs22\vs_files\gamelib\distribute\actorinstanceposition.obj
e:\metin2_server\solwaynesf v6\clientvs22\vs_files\gamelib\distribute\actorinstancemotionevent.obj
e:\metin2_server\solwaynesf v6\clientvs22\vs_files\gamelib\distribute\actorinstancemotion.obj
e:\metin2_server\solwaynesf v6\clientvs22\vs_files\gamelib\distribute\actorinstancefly.obj
e:\metin2_server\solwaynesf v6\clientvs22\vs_files\gamelib\distribute\actorinstanceevent.obj
e:\metin2_server\solwaynesf v6\clientvs22\vs_files\gamelib\distribute\actorinstancedata.obj
e:\metin2_server\solwaynesf v6\clientvs22\vs_files\gamelib\distribute\actorinstancecollisiondetection.obj
e:\metin2_server\solwaynesf v6\clientvs22\vs_files\gamelib\distribute\actorinstanceblend.obj
e:\metin2_server\solwaynesf v6\clientvs22\vs_files\gamelib\distribute\actorinstancebattle.obj
e:\metin2_server\solwaynesf v6\clientvs22\vs_files\gamelib\distribute\actorinstanceattach.obj
e:\metin2_server\solwaynesf v6\clientvs22\vs_files\gamelib\distribute\actorinstance.obj
e:\metin2_server\solwaynesf v6\clientvs22\vs_files\gamelib\distribute\mapoutdoorupdate.obj
e:\metin2_server\solwaynesf v6\clientvs22\vs_files\gamelib\distribute\mapoutdoorrenderstp.obj
e:\metin2_server\solwaynesf v6\clientvs22\vs_files\gamelib\distribute\mapoutdoorrenderhtp.obj
e:\metin2_server\solwaynesf v6\clientvs22\vs_files\gamelib\distribute\mapoutdoorrender.obj
e:\metin2_server\solwaynesf v6\clientvs22\vs_files\gamelib\distribute\mapoutdoorquadtree.obj
e:\metin2_server\solwaynesf v6\clientvs22\vs_files\gamelib\distribute\mapoutdoorload.obj
e:\metin2_server\solwaynesf v6\clientvs22\vs_files\gamelib\distribute\mapoutdoorindexbuffer.obj
e:\metin2_server\solwaynesf v6\clientvs22\vs_files\gamelib\distribute\mapoutdoorcharactershadow.obj
e:\metin2_server\solwaynesf v6\clientvs22\vs_files\gamelib\distribute\mapoutdoor.obj
e:\metin2_server\solwaynesf v6\clientvs22\vs_files\gamelib\distribute\mapmanager.obj
e:\metin2_server\solwaynesf v6\clientvs22\vs_files\gamelib\distribute\mapbase.obj
e:\metin2_server\solwaynesf v6\clientvs22\vs_files\gamelib\distribute\itemmanager.obj
e:\metin2_server\solwaynesf v6\clientvs22\vs_files\gamelib\distribute\itemdata.obj
e:\metin2_server\solwaynesf v6\clientvs22\vs_files\gamelib\distribute\gameutil.obj
e:\metin2_server\solwaynesf v6\clientvs22\vs_files\gamelib\distribute\gametype.obj
e:\metin2_server\solwaynesf v6\clientvs22\vs_files\gamelib\distribute\gameeventmanager.obj
e:\metin2_server\solwaynesf v6\clientvs22\vs_files\gamelib\distribute\flytrace.obj
e:\metin2_server\solwaynesf v6\clientvs22\vs_files\gamelib\distribute\flytarget.obj
e:\metin2_server\solwaynesf v6\clientvs22\vs_files\gamelib\distribute\flyingobjectmanager.obj
e:\metin2_server\solwaynesf v6\clientvs22\vs_files\gamelib\distribute\flyinginstance.obj
e:\metin2_server\solwaynesf v6\clientvs22\vs_files\gamelib\distribute\weapontrace.obj
e:\metin2_server\solwaynesf v6\clientvs22\vs_files\gamelib\distribute\terrainquadtree.obj
e:\metin2_server\solwaynesf v6\clientvs22\vs_files\gamelib\distribute\terrainpatch.obj
e:\metin2_server\solwaynesf v6\clientvs22\vs_files\gamelib\distribute\terraindecal.obj
e:\metin2_server\solwaynesf v6\clientvs22\vs_files\gamelib\distribute\snowparticle.obj
e:\metin2_server\solwaynesf v6\clientvs22\vs_files\gamelib\distribute\snowenvironment.obj
e:\metin2_server\solwaynesf v6\clientvs22\vs_files\gamelib\distribute\racemotiondata.obj
e:\metin2_server\solwaynesf v6\clientvs22\vs_files\gamelib\distribute\racemanager.obj
e:\metin2_server\solwaynesf v6\clientvs22\vs_files\gamelib\distribute\racedatafile.obj
e:\metin2_server\solwaynesf v6\clientvs22\vs_files\gamelib\distribute\racedata.obj
e:\metin2_server\solwaynesf v6\clientvs22\vs_files\gamelib\distribute\propertymanager.obj
e:\metin2_server\solwaynesf v6\clientvs22\vs_files\gamelib\distribute\propertyloader.obj
e:\metin2_server\solwaynesf v6\clientvs22\vs_files\gamelib\distribute\property.obj
e:\metin2_server\solwaynesf v6\clientvs22\vs_files\gamelib\distribute\physicsobject.obj
e:\metin2_server\solwaynesf v6\clientvs22\vs_files\gamelib\distribute\monsterareainfo.obj
e:\metin2_server\solwaynesf v6\clientvs22\vs_files\gamelib\distribute\maputil.obj
e:\metin2_server\solwaynesf v6\clientvs22\vs_files\gamelib\distribute\maptype.obj
e:\metin2_server\solwaynesf v6\clientvs22\vs_files\gamelib\distribute\mapoutdoorwater.obj
e:\metin2_server\solwaynesf v6\clientvs22\vs_files\gamelib\distribute\gamelib.lib
e:\metin2_server\solwaynesf v6\clientvs22\vs_files\gamelib\distribute\gamelib.tlog\cl.command.1.tlog
e:\metin2_server\solwaynesf v6\clientvs22\vs_files\gamelib\distribute\gamelib.tlog\cl.read.1.tlog
e:\metin2_server\solwaynesf v6\clientvs22\vs_files\gamelib\distribute\gamelib.tlog\cl.write.1.tlog
e:\metin2_server\solwaynesf v6\clientvs22\vs_files\gamelib\distribute\gamelib.tlog\lib-link.read.1.tlog
e:\metin2_server\solwaynesf v6\clientvs22\vs_files\gamelib\distribute\gamelib.tlog\lib-link.write.1.tlog
e:\metin2_server\solwaynesf v6\clientvs22\vs_files\gamelib\distribute\gamelib.tlog\lib.command.1.tlog
