e:\metin2_server\solwaynesf v6\clientvs22\vs_files\effectlib\distribute\effectlib.pch
e:\metin2_server\solwaynesf v6\clientvs22\vs_files\effectlib\distribute\effectlib.pdb
e:\metin2_server\solwaynesf v6\clientvs22\vs_files\effectlib\distribute\stdafx.obj
e:\metin2_server\solwaynesf v6\clientvs22\vs_files\effectlib\distribute\type.obj
e:\metin2_server\solwaynesf v6\clientvs22\vs_files\effectlib\distribute\simplelightinstance.obj
e:\metin2_server\solwaynesf v6\clientvs22\vs_files\effectlib\distribute\simplelightdata.obj
e:\metin2_server\solwaynesf v6\clientvs22\vs_files\effectlib\distribute\particlesysteminstance.obj
e:\metin2_server\solwaynesf v6\clientvs22\vs_files\effectlib\distribute\particlesystemdata.obj
e:\metin2_server\solwaynesf v6\clientvs22\vs_files\effectlib\distribute\particleproperty.obj
e:\metin2_server\solwaynesf v6\clientvs22\vs_files\effectlib\distribute\particleinstance.obj
e:\metin2_server\solwaynesf v6\clientvs22\vs_files\effectlib\distribute\framecontroller.obj
e:\metin2_server\solwaynesf v6\clientvs22\vs_files\effectlib\distribute\emitterproperty.obj
e:\metin2_server\solwaynesf v6\clientvs22\vs_files\effectlib\distribute\effectupdatedecorator.obj
e:\metin2_server\solwaynesf v6\clientvs22\vs_files\effectlib\distribute\effectmeshinstance.obj
e:\metin2_server\solwaynesf v6\clientvs22\vs_files\effectlib\distribute\effectmesh.obj
e:\metin2_server\solwaynesf v6\clientvs22\vs_files\effectlib\distribute\effectmanager.obj
e:\metin2_server\solwaynesf v6\clientvs22\vs_files\effectlib\distribute\effectinstance.obj
e:\metin2_server\solwaynesf v6\clientvs22\vs_files\effectlib\distribute\effectelementbaseinstance.obj
e:\metin2_server\solwaynesf v6\clientvs22\vs_files\effectlib\distribute\effectelementbase.obj
e:\metin2_server\solwaynesf v6\clientvs22\vs_files\effectlib\distribute\effectdata.obj
e:\metin2_server\solwaynesf v6\clientvs22\vs_files\effectlib\distribute\effectlib.lib
e:\metin2_server\solwaynesf v6\clientvs22\vs_files\effectlib\distribute\effectlib.tlog\cl.command.1.tlog
e:\metin2_server\solwaynesf v6\clientvs22\vs_files\effectlib\distribute\effectlib.tlog\cl.read.1.tlog
e:\metin2_server\solwaynesf v6\clientvs22\vs_files\effectlib\distribute\effectlib.tlog\cl.write.1.tlog
e:\metin2_server\solwaynesf v6\clientvs22\vs_files\effectlib\distribute\effectlib.tlog\lib-link.read.1.tlog
e:\metin2_server\solwaynesf v6\clientvs22\vs_files\effectlib\distribute\effectlib.tlog\lib-link.write.1.tlog
e:\metin2_server\solwaynesf v6\clientvs22\vs_files\effectlib\distribute\effectlib.tlog\lib.command.1.tlog
