e:\metin2_server\solwaynesf v6\clientvs22\vs_files\mileslib\distribute\mileslib.pch
e:\metin2_server\solwaynesf v6\clientvs22\vs_files\mileslib\distribute\mileslib.pdb
e:\metin2_server\solwaynesf v6\clientvs22\vs_files\mileslib\distribute\stdafx.obj
e:\metin2_server\solwaynesf v6\clientvs22\vs_files\mileslib\distribute\type.obj
e:\metin2_server\solwaynesf v6\clientvs22\vs_files\mileslib\distribute\soundmanagerstream.obj
e:\metin2_server\solwaynesf v6\clientvs22\vs_files\mileslib\distribute\soundmanager3d.obj
e:\metin2_server\solwaynesf v6\clientvs22\vs_files\mileslib\distribute\soundmanager2d.obj
e:\metin2_server\solwaynesf v6\clientvs22\vs_files\mileslib\distribute\soundmanager.obj
e:\metin2_server\solwaynesf v6\clientvs22\vs_files\mileslib\distribute\soundinstancestream.obj
e:\metin2_server\solwaynesf v6\clientvs22\vs_files\mileslib\distribute\soundinstance3d.obj
e:\metin2_server\solwaynesf v6\clientvs22\vs_files\mileslib\distribute\soundinstance2d.obj
e:\metin2_server\solwaynesf v6\clientvs22\vs_files\mileslib\distribute\sounddata.obj
e:\metin2_server\solwaynesf v6\clientvs22\vs_files\mileslib\distribute\soundbase.obj
e:\metin2_server\solwaynesf v6\clientvs22\vs_files\mileslib\distribute\mileslib.lib
e:\metin2_server\solwaynesf v6\clientvs22\vs_files\mileslib\distribute\mileslib.tlog\cl.command.1.tlog
e:\metin2_server\solwaynesf v6\clientvs22\vs_files\mileslib\distribute\mileslib.tlog\cl.read.1.tlog
e:\metin2_server\solwaynesf v6\clientvs22\vs_files\mileslib\distribute\mileslib.tlog\cl.write.1.tlog
e:\metin2_server\solwaynesf v6\clientvs22\vs_files\mileslib\distribute\mileslib.tlog\lib-link.read.1.tlog
e:\metin2_server\solwaynesf v6\clientvs22\vs_files\mileslib\distribute\mileslib.tlog\lib-link.write.1.tlog
e:\metin2_server\solwaynesf v6\clientvs22\vs_files\mileslib\distribute\mileslib.tlog\lib.command.1.tlog
