c:\users\mrpab\desktop\shinzu2 neu\src\clientvs22\dumpproto\lzo\release\lzo.pch
c:\users\mrpab\desktop\shinzu2 neu\src\clientvs22\dumpproto\release\lzo.pdb
c:\users\mrpab\desktop\shinzu2 neu\src\clientvs22\dumpproto\lzo\release\stdafx.obj
c:\users\mrpab\desktop\shinzu2 neu\src\clientvs22\dumpproto\lzo\release\lzo1b_d2.obj
c:\users\mrpab\desktop\shinzu2 neu\src\clientvs22\dumpproto\lzo\release\lzo1b_d1.obj
c:\users\mrpab\desktop\shinzu2 neu\src\clientvs22\dumpproto\lzo\release\lzo1b_cc.obj
c:\users\mrpab\desktop\shinzu2 neu\src\clientvs22\dumpproto\lzo\release\lzo1b_9x.obj
c:\users\mrpab\desktop\shinzu2 neu\src\clientvs22\dumpproto\lzo\release\lzo1b_99.obj
c:\users\mrpab\desktop\shinzu2 neu\src\clientvs22\dumpproto\lzo\release\lzo1b_9.obj
c:\users\mrpab\desktop\shinzu2 neu\src\clientvs22\dumpproto\lzo\release\lzo1b_8.obj
c:\users\mrpab\desktop\shinzu2 neu\src\clientvs22\dumpproto\lzo\release\lzo1b_7.obj
c:\users\mrpab\desktop\shinzu2 neu\src\clientvs22\dumpproto\lzo\release\lzo1b_6.obj
c:\users\mrpab\desktop\shinzu2 neu\src\clientvs22\dumpproto\lzo\release\lzo1b_5.obj
c:\users\mrpab\desktop\shinzu2 neu\src\clientvs22\dumpproto\lzo\release\lzo1b_4.obj
c:\users\mrpab\desktop\shinzu2 neu\src\clientvs22\dumpproto\lzo\release\lzo1b_3.obj
c:\users\mrpab\desktop\shinzu2 neu\src\clientvs22\dumpproto\lzo\release\lzo1b_2.obj
c:\users\mrpab\desktop\shinzu2 neu\src\clientvs22\dumpproto\lzo\release\lzo1b_1.obj
c:\users\mrpab\desktop\shinzu2 neu\src\clientvs22\dumpproto\lzo\release\lzo1a_99.obj
c:\users\mrpab\desktop\shinzu2 neu\src\clientvs22\dumpproto\lzo\release\lzo1a.obj
c:\users\mrpab\desktop\shinzu2 neu\src\clientvs22\dumpproto\lzo\release\lzo1_99.obj
c:\users\mrpab\desktop\shinzu2 neu\src\clientvs22\dumpproto\lzo\release\lzo1.obj
c:\users\mrpab\desktop\shinzu2 neu\src\clientvs22\dumpproto\lzo\release\io.obj
c:\users\mrpab\desktop\shinzu2 neu\src\clientvs22\dumpproto\lzo\release\alloc.obj
c:\users\mrpab\desktop\shinzu2 neu\src\clientvs22\dumpproto\lzo\release\lzo1f_9x.obj
c:\users\mrpab\desktop\shinzu2 neu\src\clientvs22\dumpproto\lzo\release\lzo1f_1.obj
c:\users\mrpab\desktop\shinzu2 neu\src\clientvs22\dumpproto\lzo\release\lzo1c_xx.obj
c:\users\mrpab\desktop\shinzu2 neu\src\clientvs22\dumpproto\lzo\release\lzo1c_rr.obj
c:\users\mrpab\desktop\shinzu2 neu\src\clientvs22\dumpproto\lzo\release\lzo1c_d2.obj
c:\users\mrpab\desktop\shinzu2 neu\src\clientvs22\dumpproto\lzo\release\lzo1c_d1.obj
c:\users\mrpab\desktop\shinzu2 neu\src\clientvs22\dumpproto\lzo\release\lzo1c_cc.obj
c:\users\mrpab\desktop\shinzu2 neu\src\clientvs22\dumpproto\lzo\release\lzo1c_9x.obj
c:\users\mrpab\desktop\shinzu2 neu\src\clientvs22\dumpproto\lzo\release\lzo1c_99.obj
c:\users\mrpab\desktop\shinzu2 neu\src\clientvs22\dumpproto\lzo\release\lzo1c_9.obj
c:\users\mrpab\desktop\shinzu2 neu\src\clientvs22\dumpproto\lzo\release\lzo1c_8.obj
c:\users\mrpab\desktop\shinzu2 neu\src\clientvs22\dumpproto\lzo\release\lzo1c_7.obj
c:\users\mrpab\desktop\shinzu2 neu\src\clientvs22\dumpproto\lzo\release\lzo1c_6.obj
c:\users\mrpab\desktop\shinzu2 neu\src\clientvs22\dumpproto\lzo\release\lzo1c_5.obj
c:\users\mrpab\desktop\shinzu2 neu\src\clientvs22\dumpproto\lzo\release\lzo1c_4.obj
c:\users\mrpab\desktop\shinzu2 neu\src\clientvs22\dumpproto\lzo\release\lzo1c_3.obj
c:\users\mrpab\desktop\shinzu2 neu\src\clientvs22\dumpproto\lzo\release\lzo1c_2.obj
c:\users\mrpab\desktop\shinzu2 neu\src\clientvs22\dumpproto\lzo\release\lzo1c_1.obj
c:\users\mrpab\desktop\shinzu2 neu\src\clientvs22\dumpproto\lzo\release\lzo1b_xx.obj
c:\users\mrpab\desktop\shinzu2 neu\src\clientvs22\dumpproto\lzo\release\lzo1b_rr.obj
c:\users\mrpab\desktop\shinzu2 neu\src\clientvs22\dumpproto\lzo\release\lzo1z_d2.obj
c:\users\mrpab\desktop\shinzu2 neu\src\clientvs22\dumpproto\lzo\release\lzo1z_d1.obj
c:\users\mrpab\desktop\shinzu2 neu\src\clientvs22\dumpproto\lzo\release\lzo1z_9x.obj
c:\users\mrpab\desktop\shinzu2 neu\src\clientvs22\dumpproto\lzo\release\lzo1y_o.obj
c:\users\mrpab\desktop\shinzu2 neu\src\clientvs22\dumpproto\lzo\release\lzo1y_d3.obj
c:\users\mrpab\desktop\shinzu2 neu\src\clientvs22\dumpproto\lzo\release\lzo1y_d2.obj
c:\users\mrpab\desktop\shinzu2 neu\src\clientvs22\dumpproto\lzo\release\lzo1y_d1.obj
c:\users\mrpab\desktop\shinzu2 neu\src\clientvs22\dumpproto\lzo\release\lzo1y_9x.obj
c:\users\mrpab\desktop\shinzu2 neu\src\clientvs22\dumpproto\lzo\release\lzo1y_1.obj
c:\users\mrpab\desktop\shinzu2 neu\src\clientvs22\dumpproto\lzo\release\lzo1x_o.obj
c:\users\mrpab\desktop\shinzu2 neu\src\clientvs22\dumpproto\lzo\release\lzo1x_d3.obj
c:\users\mrpab\desktop\shinzu2 neu\src\clientvs22\dumpproto\lzo\release\lzo1x_d2.obj
c:\users\mrpab\desktop\shinzu2 neu\src\clientvs22\dumpproto\lzo\release\lzo1x_d1.obj
c:\users\mrpab\desktop\shinzu2 neu\src\clientvs22\dumpproto\lzo\release\lzo1x_9x.obj
c:\users\mrpab\desktop\shinzu2 neu\src\clientvs22\dumpproto\lzo\release\lzo1x_1o.obj
c:\users\mrpab\desktop\shinzu2 neu\src\clientvs22\dumpproto\lzo\release\lzo1x_1l.obj
c:\users\mrpab\desktop\shinzu2 neu\src\clientvs22\dumpproto\lzo\release\lzo1x_1k.obj
c:\users\mrpab\desktop\shinzu2 neu\src\clientvs22\dumpproto\lzo\release\lzo1x_1.obj
c:\users\mrpab\desktop\shinzu2 neu\src\clientvs22\dumpproto\lzo\release\lzo1f_d2.obj
c:\users\mrpab\desktop\shinzu2 neu\src\clientvs22\dumpproto\lzo\release\lzo1f_d1.obj
c:\users\mrpab\desktop\shinzu2 neu\src\clientvs22\dumpproto\lzo\release\lzo_util.obj
c:\users\mrpab\desktop\shinzu2 neu\src\clientvs22\dumpproto\lzo\release\lzo_str.obj
c:\users\mrpab\desktop\shinzu2 neu\src\clientvs22\dumpproto\lzo\release\lzo_ptr.obj
c:\users\mrpab\desktop\shinzu2 neu\src\clientvs22\dumpproto\lzo\release\lzo_init.obj
c:\users\mrpab\desktop\shinzu2 neu\src\clientvs22\dumpproto\lzo\release\lzo_dll.obj
c:\users\mrpab\desktop\shinzu2 neu\src\clientvs22\dumpproto\lzo\release\lzo_crc.obj
c:\users\mrpab\desktop\shinzu2 neu\src\clientvs22\dumpproto\lzo\release\lzo2a_d2.obj
c:\users\mrpab\desktop\shinzu2 neu\src\clientvs22\dumpproto\lzo\release\lzo2a_d1.obj
c:\users\mrpab\desktop\shinzu2 neu\src\clientvs22\dumpproto\lzo\release\lzo2a_9x.obj
c:\users\mrpab\desktop\shinzu2 neu\src\clientvs22\dumpproto\lzo\release\lzo1z_d3.obj
c:\users\mrpab\desktop\shinzu2 neu\src\clientvs22\dumpproto\release\lzo.lib
c:\users\mrpab\desktop\shinzu2 neu\src\clientvs22\dumpproto\lzo\release\lzo.tlog\cl.command.1.tlog
c:\users\mrpab\desktop\shinzu2 neu\src\clientvs22\dumpproto\lzo\release\lzo.tlog\cl.read.1.tlog
c:\users\mrpab\desktop\shinzu2 neu\src\clientvs22\dumpproto\lzo\release\lzo.tlog\cl.write.1.tlog
c:\users\mrpab\desktop\shinzu2 neu\src\clientvs22\dumpproto\lzo\release\lzo.tlog\lib-link.read.1.tlog
c:\users\mrpab\desktop\shinzu2 neu\src\clientvs22\dumpproto\lzo\release\lzo.tlog\lib-link.write.1.tlog
c:\users\mrpab\desktop\shinzu2 neu\src\clientvs22\dumpproto\lzo\release\lzo.tlog\lib.command.1.tlog
