  StdAfx.cpp
  cipher.cpp
  CPostIt.cpp
  CRC32.cpp
  Debug.cpp
  error.cpp
E:\Metin2_server\SolWayneSF v6\ClientVS22\source\EterBase\error.cpp(59,23): warning C4477: 'fprintf' : format string '%08x' requires an argument of type 'unsigned int', but variadic argument 1 has type 'time_t'
E:\Metin2_server\SolWayneSF v6\ClientVS22\source\EterBase\error.cpp(59,23): message : consider using '%llx' in the format string
E:\Metin2_server\SolWayneSF v6\ClientVS22\source\EterBase\error.cpp(59,23): message : consider using '%I64x' in the format string
  FileBase.cpp
  FileDir.cpp
  FileLoader.cpp
  lzo.cpp
  MappedFile.cpp
  Base.cpp
  Poly.cpp
  Symbol.cpp
  SymTable.cpp
  Random.cpp
  Stl.cpp
  tea.cpp
  TempFile.cpp
  Timer.cpp
  Utils.cpp
  Generating Code...
  EterBase.vcxproj -> E:\Metin2_server\SolWayneSF v6\ClientVS22\vs_files\EterBase\Distribute\EterBase.lib
