e:\metin2_server\solwaynesf v6\clientvs22\vs_files\eterbase\distribute\eterbase.pch
e:\metin2_server\solwaynesf v6\clientvs22\vs_files\eterbase\distribute\eterbase.pdb
e:\metin2_server\solwaynesf v6\clientvs22\vs_files\eterbase\distribute\stdafx.obj
e:\metin2_server\solwaynesf v6\clientvs22\vs_files\eterbase\distribute\utils.obj
e:\metin2_server\solwaynesf v6\clientvs22\vs_files\eterbase\distribute\timer.obj
e:\metin2_server\solwaynesf v6\clientvs22\vs_files\eterbase\distribute\tempfile.obj
e:\metin2_server\solwaynesf v6\clientvs22\vs_files\eterbase\distribute\tea.obj
e:\metin2_server\solwaynesf v6\clientvs22\vs_files\eterbase\distribute\stl.obj
e:\metin2_server\solwaynesf v6\clientvs22\vs_files\eterbase\distribute\random.obj
e:\metin2_server\solwaynesf v6\clientvs22\vs_files\eterbase\distribute\symtable.obj
e:\metin2_server\solwaynesf v6\clientvs22\vs_files\eterbase\distribute\symbol.obj
e:\metin2_server\solwaynesf v6\clientvs22\vs_files\eterbase\distribute\poly.obj
e:\metin2_server\solwaynesf v6\clientvs22\vs_files\eterbase\distribute\base.obj
e:\metin2_server\solwaynesf v6\clientvs22\vs_files\eterbase\distribute\mappedfile.obj
e:\metin2_server\solwaynesf v6\clientvs22\vs_files\eterbase\distribute\lzo.obj
e:\metin2_server\solwaynesf v6\clientvs22\vs_files\eterbase\distribute\fileloader.obj
e:\metin2_server\solwaynesf v6\clientvs22\vs_files\eterbase\distribute\filedir.obj
e:\metin2_server\solwaynesf v6\clientvs22\vs_files\eterbase\distribute\filebase.obj
e:\metin2_server\solwaynesf v6\clientvs22\vs_files\eterbase\distribute\error.obj
e:\metin2_server\solwaynesf v6\clientvs22\vs_files\eterbase\distribute\debug.obj
e:\metin2_server\solwaynesf v6\clientvs22\vs_files\eterbase\distribute\crc32.obj
e:\metin2_server\solwaynesf v6\clientvs22\vs_files\eterbase\distribute\cpostit.obj
e:\metin2_server\solwaynesf v6\clientvs22\vs_files\eterbase\distribute\cipher.obj
e:\metin2_server\solwaynesf v6\clientvs22\vs_files\eterbase\distribute\eterbase.lib
e:\metin2_server\solwaynesf v6\clientvs22\vs_files\eterbase\distribute\eterbase.tlog\cl.command.1.tlog
e:\metin2_server\solwaynesf v6\clientvs22\vs_files\eterbase\distribute\eterbase.tlog\cl.read.1.tlog
e:\metin2_server\solwaynesf v6\clientvs22\vs_files\eterbase\distribute\eterbase.tlog\cl.write.1.tlog
e:\metin2_server\solwaynesf v6\clientvs22\vs_files\eterbase\distribute\eterbase.tlog\lib-link.read.1.tlog
e:\metin2_server\solwaynesf v6\clientvs22\vs_files\eterbase\distribute\eterbase.tlog\lib-link.write.1.tlog
e:\metin2_server\solwaynesf v6\clientvs22\vs_files\eterbase\distribute\eterbase.tlog\lib.command.1.tlog
