e:\metin2_server\solwaynesf v6\clientvs22\vs_files\eterlib\distribute\eterlib.pch
e:\metin2_server\solwaynesf v6\clientvs22\vs_files\eterlib\distribute\eterlib.pdb
e:\metin2_server\solwaynesf v6\clientvs22\vs_files\eterlib\distribute\stdafx.obj
e:\metin2_server\solwaynesf v6\clientvs22\vs_files\eterlib\distribute\grpexpandedimageinstance.obj
e:\metin2_server\solwaynesf v6\clientvs22\vs_files\eterlib\distribute\grpdib.obj
e:\metin2_server\solwaynesf v6\clientvs22\vs_files\eterlib\distribute\grpdevice.obj
e:\metin2_server\solwaynesf v6\clientvs22\vs_files\eterlib\distribute\grpdetector.obj
e:\metin2_server\solwaynesf v6\clientvs22\vs_files\eterlib\distribute\grpd3dxbuffer.obj
e:\metin2_server\solwaynesf v6\clientvs22\vs_files\eterlib\distribute\grpcolorinstance.obj
e:\metin2_server\solwaynesf v6\clientvs22\vs_files\eterlib\distribute\grpcolor.obj
e:\metin2_server\solwaynesf v6\clientvs22\vs_files\eterlib\distribute\grpcollisionobject.obj
e:\metin2_server\solwaynesf v6\clientvs22\vs_files\eterlib\distribute\grpbase.obj
e:\metin2_server\solwaynesf v6\clientvs22\vs_files\eterlib\distribute\fileloaderthread.obj
e:\metin2_server\solwaynesf v6\clientvs22\vs_files\eterlib\distribute\environmentmap.obj
e:\metin2_server\solwaynesf v6\clientvs22\vs_files\eterlib\distribute\dibbar.obj
e:\metin2_server\solwaynesf v6\clientvs22\vs_files\eterlib\distribute\decal.obj
e:\metin2_server\solwaynesf v6\clientvs22\vs_files\eterlib\distribute\cullingmanager.obj
e:\metin2_server\solwaynesf v6\clientvs22\vs_files\eterlib\distribute\colortransitionhelper.obj
e:\metin2_server\solwaynesf v6\clientvs22\vs_files\eterlib\distribute\collisiondata.obj
e:\metin2_server\solwaynesf v6\clientvs22\vs_files\eterlib\distribute\camera.obj
e:\metin2_server\solwaynesf v6\clientvs22\vs_files\eterlib\distribute\blocktexture.obj
e:\metin2_server\solwaynesf v6\clientvs22\vs_files\eterlib\distribute\attributeinstance.obj
e:\metin2_server\solwaynesf v6\clientvs22\vs_files\eterlib\distribute\attributedata.obj
e:\metin2_server\solwaynesf v6\clientvs22\vs_files\eterlib\distribute\grpvertexbufferstatic.obj
e:\metin2_server\solwaynesf v6\clientvs22\vs_files\eterlib\distribute\grpvertexbufferdynamic.obj
e:\metin2_server\solwaynesf v6\clientvs22\vs_files\eterlib\distribute\grpvertexbuffer.obj
e:\metin2_server\solwaynesf v6\clientvs22\vs_files\eterlib\distribute\grptexture.obj
e:\metin2_server\solwaynesf v6\clientvs22\vs_files\eterlib\distribute\grptextinstance.obj
e:\metin2_server\solwaynesf v6\clientvs22\vs_files\eterlib\distribute\grptext.obj
e:\metin2_server\solwaynesf v6\clientvs22\vs_files\eterlib\distribute\grpsubimage.obj
e:\metin2_server\solwaynesf v6\clientvs22\vs_files\eterlib\distribute\grpshadowtexture.obj
e:\metin2_server\solwaynesf v6\clientvs22\vs_files\eterlib\distribute\grpscreen.obj
e:\metin2_server\solwaynesf v6\clientvs22\vs_files\eterlib\distribute\grpratioinstance.obj
e:\metin2_server\solwaynesf v6\clientvs22\vs_files\eterlib\distribute\grppixelshader.obj
e:\metin2_server\solwaynesf v6\clientvs22\vs_files\eterlib\distribute\grpobjectinstance.obj
e:\metin2_server\solwaynesf v6\clientvs22\vs_files\eterlib\distribute\grpmath.obj
e:\metin2_server\solwaynesf v6\clientvs22\vs_files\eterlib\distribute\grpmarkinstance.obj
e:\metin2_server\solwaynesf v6\clientvs22\vs_files\eterlib\distribute\grplightmanager.obj
e:\metin2_server\solwaynesf v6\clientvs22\vs_files\eterlib\distribute\grpindexbuffer.obj
e:\metin2_server\solwaynesf v6\clientvs22\vs_files\eterlib\distribute\grpimagetexture.obj
e:\metin2_server\solwaynesf v6\clientvs22\vs_files\eterlib\distribute\grpimageinstance.obj
e:\metin2_server\solwaynesf v6\clientvs22\vs_files\eterlib\distribute\grpimage.obj
e:\metin2_server\solwaynesf v6\clientvs22\vs_files\eterlib\distribute\grpfonttexture.obj
e:\metin2_server\solwaynesf v6\clientvs22\vs_files\eterlib\distribute\resource.obj
e:\metin2_server\solwaynesf v6\clientvs22\vs_files\eterlib\distribute\referenceobject.obj
e:\metin2_server\solwaynesf v6\clientvs22\vs_files\eterlib\distribute\pathstack.obj
e:\metin2_server\solwaynesf v6\clientvs22\vs_files\eterlib\distribute\parser.obj
e:\metin2_server\solwaynesf v6\clientvs22\vs_files\eterlib\distribute\netstream.obj
e:\metin2_server\solwaynesf v6\clientvs22\vs_files\eterlib\distribute\netpacketheadermap.obj
e:\metin2_server\solwaynesf v6\clientvs22\vs_files\eterlib\distribute\netdevice.obj
e:\metin2_server\solwaynesf v6\clientvs22\vs_files\eterlib\distribute\netdatagramsender.obj
e:\metin2_server\solwaynesf v6\clientvs22\vs_files\eterlib\distribute\netdatagramreceiver.obj
e:\metin2_server\solwaynesf v6\clientvs22\vs_files\eterlib\distribute\netdatagram.obj
e:\metin2_server\solwaynesf v6\clientvs22\vs_files\eterlib\distribute\netaddress.obj
e:\metin2_server\solwaynesf v6\clientvs22\vs_files\eterlib\distribute\mutex.obj
e:\metin2_server\solwaynesf v6\clientvs22\vs_files\eterlib\distribute\mswindow.obj
e:\metin2_server\solwaynesf v6\clientvs22\vs_files\eterlib\distribute\msapplication.obj
e:\metin2_server\solwaynesf v6\clientvs22\vs_files\eterlib\distribute\lineintersect_utils.obj
e:\metin2_server\solwaynesf v6\clientvs22\vs_files\eterlib\distribute\lensflare.obj
e:\metin2_server\solwaynesf v6\clientvs22\vs_files\eterlib\distribute\jpegfile.obj
e:\metin2_server\solwaynesf v6\clientvs22\vs_files\eterlib\distribute\input.obj
e:\metin2_server\solwaynesf v6\clientvs22\vs_files\eterlib\distribute\ime.obj
e:\metin2_server\solwaynesf v6\clientvs22\vs_files\eterlib\distribute\grpvertexshader.obj
e:\metin2_server\solwaynesf v6\clientvs22\vs_files\eterlib\distribute\util.obj
e:\metin2_server\solwaynesf v6\clientvs22\vs_files\eterlib\distribute\thread.obj
e:\metin2_server\solwaynesf v6\clientvs22\vs_files\eterlib\distribute\texttag.obj
e:\metin2_server\solwaynesf v6\clientvs22\vs_files\eterlib\distribute\textfileloader.obj
e:\metin2_server\solwaynesf v6\clientvs22\vs_files\eterlib\distribute\textbar.obj
e:\metin2_server\solwaynesf v6\clientvs22\vs_files\eterlib\distribute\targaresource.obj
e:\metin2_server\solwaynesf v6\clientvs22\vs_files\eterlib\distribute\statemanager.obj
e:\metin2_server\solwaynesf v6\clientvs22\vs_files\eterlib\distribute\skybox.obj
e:\metin2_server\solwaynesf v6\clientvs22\vs_files\eterlib\distribute\screenfilter.obj
e:\metin2_server\solwaynesf v6\clientvs22\vs_files\eterlib\distribute\resourcemanager.obj
e:\metin2_server\solwaynesf v6\clientvs22\vs_files\eterlib\distribute\eterlib.lib
e:\metin2_server\solwaynesf v6\clientvs22\vs_files\eterlib\distribute\eterlib.tlog\cl.command.1.tlog
e:\metin2_server\solwaynesf v6\clientvs22\vs_files\eterlib\distribute\eterlib.tlog\cl.read.1.tlog
e:\metin2_server\solwaynesf v6\clientvs22\vs_files\eterlib\distribute\eterlib.tlog\cl.write.1.tlog
e:\metin2_server\solwaynesf v6\clientvs22\vs_files\eterlib\distribute\eterlib.tlog\lib-link.read.1.tlog
e:\metin2_server\solwaynesf v6\clientvs22\vs_files\eterlib\distribute\eterlib.tlog\lib-link.write.1.tlog
e:\metin2_server\solwaynesf v6\clientvs22\vs_files\eterlib\distribute\eterlib.tlog\lib.command.1.tlog
